18:35:04 | INFO | main | Loaded session from C:\Users\Yafit\playwright-stepper-framework\poms\artifacts\storage_state.json
18:35:05 | INFO | stepper.runner.step_runner | ▶ Step 1: Ensure user is logged in
18:35:16 | INFO | sites.openlibrary.pages.login_action | ol_ensure_login — session expired, logging in as shammaihamilton@gmail.com
18:35:34 | WARNING | stepper.resolvers.element_resolver | Deterministic cascade failed → visual AI fallback
18:35:34 | WARNING | stepper.resolvers.element_resolver | Visual AI disabled — returning not-found
18:35:34 | WARNING | poms.openLibrary.pages.base_page | Resolver could not find element for fill: {'label': 'Username'}
18:35:34 | WARNING | stepper.resolvers.element_resolver | Deterministic cascade failed → visual AI fallback
18:35:34 | WARNING | stepper.resolvers.element_resolver | Visual AI disabled — returning not-found
18:35:34 | WARNING | poms.openLibrary.pages.base_page | Resolver could not find element for fill: {'placeholder': 'Username'}
18:35:34 | WARNING | stepper.resolvers.element_resolver | Deterministic cascade failed → visual AI fallback
18:35:34 | WARNING | stepper.resolvers.element_resolver | Visual AI disabled — returning not-found
18:35:34 | WARNING | poms.openLibrary.pages.base_page | Resolver could not find element for fill: {'id': 'username'}
18:35:34 | WARNING | stepper.resolvers.element_resolver | Deterministic cascade failed → visual AI fallback
18:35:34 | WARNING | stepper.resolvers.element_resolver | Visual AI disabled — returning not-found
18:35:34 | WARNING | poms.openLibrary.pages.base_page | Resolver could not find element for fill: {'css': '#username'}
18:35:49 | ERROR | sites.openlibrary.pages.login_action | ol_ensure_login failed: Page.fill: Timeout 15000ms exceeded.
Call log:
  - waiting for locator("#username")

18:35:50 | INFO | stepper.reporter.test_report_reporter | Recorded step 1: ol_ensure_login → failed
18:35:50 | INFO | stepper.runner.step_runner | ✗ Step 1 → failed
18:35:50 | ERROR | stepper.runner.step_runner | ✗ Hard stop at step 1: Page.fill: Timeout 15000ms exceeded.
Call log:
  - waiting for locator("#username")

18:35:50 | INFO | stepper.reporter.reporters | Report written: C:\Users\Yafit\playwright-stepper-framework\stepper\report.json
18:35:50 | INFO | stepper.reporter.test_report_manager | Saved metadata: C:\Users\Yafit\playwright-stepper-framework\stepper\reports\2026-04-13_18-35-04_ol_search_and_add_001\metadata.json
18:35:50 | INFO | stepper.reporter.test_report_manager | Saved summary: C:\Users\Yafit\playwright-stepper-framework\stepper\reports\2026-04-13_18-35-04_ol_search_and_add_001\summary.json
18:35:50 | INFO | stepper.reporter.test_report_manager | Saved results: C:\Users\Yafit\playwright-stepper-framework\stepper\reports\2026-04-13_18-35-04_ol_search_and_add_001\results.json
18:35:50 | INFO | stepper.reporter.test_report_manager | Saved performance metrics: C:\Users\Yafit\playwright-stepper-framework\stepper\reports\2026-04-13_18-35-04_ol_search_and_add_001\performance.json
18:35:50 | INFO | stepper.reporter.test_report_manager | Generated cross-test summary: C:\Users\Yafit\playwright-stepper-framework\stepper\reports\summary\all_tests_summary.json
18:35:50 | INFO | stepper.reporter.test_report_reporter | Test suite completed: 0/1 passed → C:\Users\Yafit\playwright-stepper-framework\stepper\reports\2026-04-13_18-35-04_ol_search_and_add_001
18:35:50 | INFO | stepper.reporter.reporters | Allure result written: C:\Users\Yafit\playwright-stepper-framework\stepper\reports\allure-results\9cccc232-3e05-4d9b-9691-8319f77b6aa6-result.json
